# JRE version: Java(TM) SE Runtime Environment (8.0_102-b14) (build 1.8.0_102-b14)
# Java VM: Java HotSpot(TM) 64-Bit Server VM (25.102-b14 mixed mode windows-amd64 compressed oops)
Heap:
 PSYoungGen      total 71680K, used 18335K [0x0000000775100000, 0x000000077e800000, 0x00000007c0000000)
  eden space 66560K, 19% used [0x0000000775100000,0x0000000775debe80,0x0000000779200000)
  from space 5120K, 99% used [0x0000000779200000,0x00000007796fc020,0x0000000779700000)
  to   space 10752K, 0% used [0x000000077dd80000,0x000000077dd80000,0x000000077e800000)
 ParOldGen       total 87552K, used 10597K [0x00000006df200000, 0x00000006e4780000, 0x0000000775100000)
  object space 87552K, 12% used [0x00000006df200000,0x00000006dfc59598,0x00000006e4780000)
 Metaspace       used 19184K, capacity 19430K, committed 19584K, reserved 1067008K
  class space    used 2067K, capacity 2163K, committed 2176K, reserved 1048576K
GC Heap History (10 events):
Event: 1.137 GC heap before
{Heap before GC invocations=1 (full 0):
 PSYoungGen      total 38400K, used 33280K [0x0000000775100000, 0x0000000777b80000, 0x00000007c0000000)
  eden space 33280K, 100% used [0x0000000775100000,0x0000000777180000,0x0000000777180000)
  from space 5120K, 0% used [0x0000000777680000,0x0000000777680000,0x0000000777b80000)
  to   space 5120K, 0% used [0x0000000777180000,0x0000000777180000,0x0000000777680000)
 ParOldGen       total 87552K, used 0K [0x00000006df200000, 0x00000006e4780000, 0x0000000775100000)
  object space 87552K, 0% used [0x00000006df200000,0x00000006df200000,0x00000006e4780000)
 Metaspace       used 8277K, capacity 8368K, committed 8448K, reserved 1056768K
  class space    used 930K, capacity 976K, committed 1024K, reserved 1048576K
Event: 1.146 GC heap after
Heap after GC invocations=1 (full 0):
 PSYoungGen      total 38400K, used 5111K [0x0000000775100000, 0x0000000777b80000, 0x00000007c0000000)
  eden space 33280K, 0% used [0x0000000775100000,0x0000000775100000,0x0000000777180000)
  from space 5120K, 99% used [0x0000000777180000,0x000000077767dd80,0x0000000777680000)
  to   space 5120K, 0% used [0x0000000777680000,0x0000000777680000,0x0000000777b80000)
 ParOldGen       total 87552K, used 32K [0x00000006df200000, 0x00000006e4780000, 0x0000000775100000)
  object space 87552K, 0% used [0x00000006df200000,0x00000006df208128,0x00000006e4780000)
 Metaspace       used 8277K, capacity 8368K, committed 8448K, reserved 1056768K
  class space    used 930K, capacity 976K, committed 1024K, reserved 1048576K
}
Event: 1.781 GC heap before
{Heap before GC invocations=2 (full 0):
 PSYoungGen      total 38400K, used 37746K [0x0000000775100000, 0x0000000777b80000, 0x00000007c0000000)
  eden space 33280K, 98% used [0x0000000775100000,0x00000007770dedc8,0x0000000777180000)
  from space 5120K, 99% used [0x0000000777180000,0x000000077767dd80,0x0000000777680000)
  to   space 5120K, 0% used [0x0000000777680000,0x0000000777680000,0x0000000777b80000)
 ParOldGen       total 87552K, used 32K [0x00000006df200000, 0x00000006e4780000, 0x0000000775100000)
  object space 87552K, 0% used [0x00000006df200000,0x00000006df208128,0x00000006e4780000)
 Metaspace       used 11158K, capacity 11250K, committed 11520K, reserved 1058816K
  class space    used 1235K, capacity 1272K, committed 1280K, reserved 1048576K
Event: 1.792 GC heap after
Heap after GC invocations=2 (full 0):
 PSYoungGen      total 38400K, used 5102K [0x0000000775100000, 0x0000000779c00000, 0x00000007c0000000)
  eden space 33280K, 0% used [0x0000000775100000,0x0000000775100000,0x0000000777180000)
  from space 5120K, 99% used [0x0000000777680000,0x0000000777b7bb80,0x0000000777b80000)
  to   space 5120K, 0% used [0x0000000777180000,0x0000000777180000,0x0000000777680000)
 ParOldGen       total 87552K, used 1299K [0x00000006df200000, 0x00000006e4780000, 0x0000000775100000)
  object space 87552K, 1% used [0x00000006df200000,0x00000006df344f70,0x00000006e4780000)
 Metaspace       used 11158K, capacity 11250K, committed 11520K, reserved 1058816K
  class space    used 1235K, capacity 1272K, committed 1280K, reserved 1048576K
}
Event: 2.844 GC heap before
{Heap before GC invocations=3 (full 0):
 PSYoungGen      total 38400K, used 38382K [0x0000000775100000, 0x0000000779c00000, 0x00000007c0000000)
  eden space 33280K, 100% used [0x0000000775100000,0x0000000777180000,0x0000000777180000)
  from space 5120K, 99% used [0x0000000777680000,0x0000000777b7bb80,0x0000000777b80000)
  to   space 5120K, 0% used [0x0000000777180000,0x0000000777180000,0x0000000777680000)
 ParOldGen       total 87552K, used 1299K [0x00000006df200000, 0x00000006e4780000, 0x0000000775100000)
  object space 87552K, 1% used [0x00000006df200000,0x00000006df344f70,0x00000006e4780000)
 Metaspace       used 15612K, capacity 15820K, committed 16128K, reserved 1062912K
  class space    used 1665K, capacity 1755K, committed 1792K, reserved 1048576K
Event: 2.857 GC heap after
Heap after GC invocations=3 (full 0):
 PSYoungGen      total 38400K, used 5104K [0x0000000775100000, 0x0000000779c00000, 0x00000007c0000000)
  eden space 33280K, 0% used [0x0000000775100000,0x0000000775100000,0x0000000777180000)
  from space 5120K, 99% used [0x0000000777180000,0x000000077767c030,0x0000000777680000)
  to   space 5120K, 0% used [0x0000000779700000,0x0000000779700000,0x0000000779c00000)
 ParOldGen       total 87552K, used 3292K [0x00000006df200000, 0x00000006e4780000, 0x0000000775100000)
  object space 87552K, 3% used [0x00000006df200000,0x00000006df537088,0x00000006e4780000)
 Metaspace       used 15612K, capacity 15820K, committed 16128K, reserved 1062912K
  class space    used 1665K, capacity 1755K, committed 1792K, reserved 1048576K
}
Event: 3.925 GC heap before
{Heap before GC invocations=4 (full 0):
 PSYoungGen      total 38400K, used 38384K [0x0000000775100000, 0x0000000779c00000, 0x00000007c0000000)
  eden space 33280K, 100% used [0x0000000775100000,0x0000000777180000,0x0000000777180000)
  from space 5120K, 99% used [0x0000000777180000,0x000000077767c030,0x0000000777680000)
  to   space 5120K, 0% used [0x0000000779700000,0x0000000779700000,0x0000000779c00000)
 ParOldGen       total 87552K, used 3292K [0x00000006df200000, 0x00000006e4780000, 0x0000000775100000)
  object space 87552K, 3% used [0x00000006df200000,0x00000006df537088,0x00000006e4780000)
 Metaspace       used 15944K, capacity 16186K, committed 16384K, reserved 1064960K
  class space    used 1696K, capacity 1768K, committed 1792K, reserved 1048576K
Event: 3.938 GC heap after
Heap after GC invocations=4 (full 0):
 PSYoungGen      total 71680K, used 5104K [0x0000000775100000, 0x0000000779c00000, 0x00000007c0000000)
  eden space 66560K, 0% used [0x0000000775100000,0x0000000775100000,0x0000000779200000)
  from space 5120K, 99% used [0x0000000779700000,0x0000000779bfc030,0x0000000779c00000)
  to   space 5120K, 0% used [0x0000000779200000,0x0000000779200000,0x0000000779700000)
 ParOldGen       total 87552K, used 4892K [0x00000006df200000, 0x00000006e4780000, 0x0000000775100000)
  object space 87552K, 5% used [0x00000006df200000,0x00000006df6c7298,0x00000006e4780000)
 Metaspace       used 15944K, capacity 16186K, committed 16384K, reserved 1064960K
  class space    used 1696K, capacity 1768K, committed 1792K, reserved 1048576K
}
Event: 5.584 GC heap before
{Heap before GC invocations=5 (full 0):
 PSYoungGen      total 71680K, used 71664K [0x0000000775100000, 0x0000000779c00000, 0x00000007c0000000)
  eden space 66560K, 100% used [0x0000000775100000,0x0000000779200000,0x0000000779200000)
  from space 5120K, 99% used [0x0000000779700000,0x0000000779bfc030,0x0000000779c00000)
  to   space 5120K, 0% used [0x0000000779200000,0x0000000779200000,0x0000000779700000)
 ParOldGen       total 87552K, used 4892K [0x00000006df200000, 0x00000006e4780000, 0x0000000775100000)
  object space 87552K, 5% used [0x00000006df200000,0x00000006df6c7298,0x00000006e4780000)
 Metaspace       used 19094K, capacity 19350K, committed 19584K, reserved 1067008K
  class space    used 2055K, capacity 2155K, committed 2176K, reserved 1048576K
Event: 5.614 GC heap after
Heap after GC invocations=5 (full 0):
 PSYoungGen      total 71680K, used 5104K [0x0000000775100000, 0x000000077e800000, 0x00000007c0000000)
  eden space 66560K, 0% used [0x0000000775100000,0x0000000775100000,0x0000000779200000)
  from space 5120K, 99% used [0x0000000779200000,0x00000007796fc020,0x0000000779700000)
  to   space 10752K, 0% used [0x000000077dd80000,0x000000077dd80000,0x000000077e800000)
 ParOldGen       total 87552K, used 10597K [0x00000006df200000, 0x00000006e4780000, 0x0000000775100000)
  object space 87552K, 12% used [0x00000006df200000,0x00000006dfc59598,0x00000006e4780000)
 Metaspace       used 19094K, capacity 19350K, committed 19584K, reserved 1067008K
  class space    used 2055K, capacity 2155K, committed 2176K, reserved 1048576K
}

